16:00:05  INFO [main] - Logs.main 11 - Test Message
2015-09-15 16:01:04,039  INFO [main] - Logs.main 11 - Test Message
2015-09-15 16:32:42,761  INFO [main] - Logs.main 11 - Test Message
2015-09-17 10:59:11,594  INFO [main] - jpmorgan.simpleStock.service.SimpleStockServiceImpl.calculateDividendYield 34 - Calculate the dividend yield
2015-09-17 10:59:11,621 ERROR [main] - jpmorgan.simpleStock.service.SimpleStockServiceImpl.calculateDividendYield 45 - Error: calcul dividend yield
2015-09-17 11:00:16,758  INFO [main] - jpmorgan.simpleStock.service.SimpleStockServiceImpl.calculateDividendYield 34 - Calculate the dividend yield
2015-09-17 11:00:36,649 ERROR [main] - jpmorgan.simpleStock.service.SimpleStockServiceImpl.calculateDividendYield 45 - Error: calcul dividend yield
2015-09-17 11:01:24,464  INFO [main] - jpmorgan.simpleStock.service.SimpleStockServiceImpl.calculateDividendYield 34 - Calculate the dividend yield
2015-09-17 11:01:24,477 ERROR [main] - jpmorgan.simpleStock.service.SimpleStockServiceImpl.calculateDividendYield 45 - Error: calcul dividend yield
2015-09-17 11:01:46,342  INFO [main] - jpmorgan.simpleStock.service.SimpleStockServiceImpl.calculateDividendYield 34 - Calculate the dividend yield
2015-09-17 11:01:58,380 ERROR [main] - jpmorgan.simpleStock.service.SimpleStockServiceImpl.calculateDividendYield 45 - Error: calcul dividend yield
2015-09-17 11:05:37,439  INFO [main] - jpmorgan.simpleStock.service.SimpleStockServiceImpl.calculateDividendYield 38 - Calculate the dividend yield
2015-09-17 11:05:37,442 ERROR [main] - jpmorgan.simpleStock.service.SimpleStockServiceImpl.calculateDividendYield 49 - Error: calcul dividend yield
2015-09-17 11:05:50,200  INFO [main] - jpmorgan.simpleStock.service.SimpleStockServiceImpl.calculateDividendYield 38 - Calculate the dividend yield
2015-09-17 11:05:50,203 ERROR [main] - jpmorgan.simpleStock.service.SimpleStockServiceImpl.calculateDividendYield 49 - Error: calcul dividend yield
2015-09-17 11:05:51,569  INFO [main] - jpmorgan.simpleStock.service.SimpleStockServiceImpl.calculateDividendYield 38 - Calculate the dividend yield
2015-09-17 11:05:51,572 ERROR [main] - jpmorgan.simpleStock.service.SimpleStockServiceImpl.calculateDividendYield 49 - Error: calcul dividend yield
2015-09-17 11:05:57,373  INFO [main] - jpmorgan.simpleStock.service.SimpleStockServiceImpl.calculateDividendYield 34 - Calculate the dividend yield
2015-09-17 11:05:57,550 ERROR [main] - jpmorgan.simpleStock.service.SimpleStockServiceImpl.calculateDividendYield 45 - Error: calcul dividend yield
2015-09-17 11:06:12,947  INFO [main] - jpmorgan.simpleStock.service.SimpleStockServiceImpl.calculateDividendYield 38 - Calculate the dividend yield
2015-09-17 11:06:12,949 ERROR [main] - jpmorgan.simpleStock.service.SimpleStockServiceImpl.calculateDividendYield 49 - Error: calcul dividend yield
2015-09-17 11:06:32,620  INFO [main] - jpmorgan.simpleStock.service.SimpleStockServiceImpl.calculateDividendYield 38 - Calculate the dividend yield
2015-09-17 11:06:32,623 ERROR [main] - jpmorgan.simpleStock.service.SimpleStockServiceImpl.calculateDividendYield 49 - Error: calcul dividend yield
2015-09-17 11:07:33,894  INFO [main] - jpmorgan.simpleStock.service.SimpleStockServiceImpl.calculateDividendYield 38 - Calculate the dividend yield
2015-09-17 11:07:57,113 ERROR [main] - jpmorgan.simpleStock.service.SimpleStockServiceImpl.calculateDividendYield 49 - Error: calcul dividend yield
2015-09-17 11:08:06,283  INFO [main] - jpmorgan.simpleStock.service.SimpleStockServiceImpl.calculateDividendYield 38 - Calculate the dividend yield
2015-09-17 11:08:33,087 ERROR [main] - jpmorgan.simpleStock.service.SimpleStockServiceImpl.calculateDividendYield 49 - Error: calcul dividend yield
2015-09-17 11:08:42,107  INFO [main] - jpmorgan.simpleStock.service.SimpleStockServiceImpl.calculateDividendYield 38 - Calculate the dividend yield
2015-09-17 11:08:42,110 ERROR [main] - jpmorgan.simpleStock.service.SimpleStockServiceImpl.calculateDividendYield 49 - Error: calcul dividend yield
2015-09-17 11:08:49,541  INFO [main] - jpmorgan.simpleStock.service.SimpleStockServiceImpl.calculateDividendYield 38 - Calculate the dividend yield
2015-09-17 11:09:19,640 ERROR [main] - jpmorgan.simpleStock.service.SimpleStockServiceImpl.calculateDividendYield 49 - Error: calcul dividend yield
2015-09-17 11:11:19,636  INFO [main] - jpmorgan.simpleStock.service.SimpleStockServiceImpl.calculateDividendYield 38 - Calculate the dividend yield
2015-09-17 11:11:19,639 ERROR [main] - jpmorgan.simpleStock.service.SimpleStockServiceImpl.calculateDividendYield 49 - Error: calcul dividend yield
2015-09-17 11:13:40,316  INFO [main] - jpmorgan.simpleStock.service.SimpleStockServiceImpl.calculateDividendYield 38 - Calculate the dividend yield
2015-09-17 11:13:40,319 ERROR [main] - jpmorgan.simpleStock.service.SimpleStockServiceImpl.calculateDividendYield 49 - Error: calcul dividend yield
2015-09-17 11:13:40,321  INFO [main] - jpmorgan.simpleStock.service.SimpleStockServiceImpl.calculateDividendYield 38 - Calculate the dividend yield
2015-09-17 11:13:40,321 ERROR [main] - jpmorgan.simpleStock.service.SimpleStockServiceImpl.calculateDividendYield 49 - Error: calcul dividend yield
2015-09-17 11:13:52,620  INFO [main] - jpmorgan.simpleStock.service.SimpleStockServiceImpl.calculateDividendYield 38 - Calculate the dividend yield
2015-09-17 11:13:59,208 ERROR [main] - jpmorgan.simpleStock.service.SimpleStockServiceImpl.calculateDividendYield 49 - Error: calcul dividend yield
2015-09-17 11:14:07,829  INFO [main] - jpmorgan.simpleStock.service.SimpleStockServiceImpl.calculateDividendYield 38 - Calculate the dividend yield
2015-09-17 11:19:23,570 ERROR [main] - jpmorgan.simpleStock.service.SimpleStockServiceImpl.calculateDividendYield 49 - Error: calcul dividend yield
2015-09-17 11:19:26,002  INFO [main] - jpmorgan.simpleStock.service.SimpleStockServiceImpl.calculateDividendYield 38 - Calculate the dividend yield
2015-09-17 11:19:34,320  INFO [main] - jpmorgan.simpleStock.service.SimpleStockServiceImpl.calculateDividendYield 38 - Calculate the dividend yield
2015-09-17 11:20:17,679  INFO [main] - jpmorgan.simpleStock.service.SimpleStockServiceImpl.calculateDividendYield 38 - Calculate the dividend yield
2015-09-17 11:20:50,964  INFO [main] - jpmorgan.simpleStock.service.SimpleStockServiceImpl.calculateDividendYield 38 - Calculate the dividend yield
2015-09-17 14:09:43,248  INFO [main] - jpmorgan.simpleStock.service.SimpleStockServiceImpl.calculateDividendYield 38 - Calculate the dividend yield
2015-09-17 14:09:48,482  INFO [main] - jpmorgan.simpleStock.service.SimpleStockServiceImpl.calculateDividendYield 38 - Calculate the dividend yield
2015-09-17 14:10:19,603  INFO [main] - jpmorgan.simpleStock.service.SimpleStockServiceImpl.calculateDividendYield 38 - Calculate the dividend yield
2015-09-17 14:10:54,097  INFO [main] - jpmorgan.simpleStock.service.SimpleStockServiceImpl.calculateDividendYield 38 - Calculate the dividend yield
2015-09-17 14:11:44,309  INFO [main] - jpmorgan.simpleStock.service.SimpleStockServiceImpl.calculateDividendYield 38 - Calculate the dividend yield
2015-09-17 14:11:44,313  INFO [main] - jpmorgan.simpleStock.service.SimpleStockServiceImpl.calculateDividendYield 38 - Calculate the dividend yield
2015-09-17 14:12:56,752  INFO [main] - jpmorgan.simpleStock.service.SimpleStockServiceImpl.calculateDividendYield 38 - Calculate the dividend yield
2015-09-17 14:12:56,755  INFO [main] - jpmorgan.simpleStock.service.SimpleStockServiceImpl.calculateDividendYield 38 - Calculate the dividend yield
2015-09-17 14:12:56,756  INFO [main] - jpmorgan.simpleStock.service.SimpleStockServiceImpl.calculateDividendYield 38 - Calculate the dividend yield
2015-09-17 14:12:56,756  INFO [main] - jpmorgan.simpleStock.service.SimpleStockServiceImpl.calculateDividendYield 38 - Calculate the dividend yield
2015-09-17 14:12:56,756  INFO [main] - jpmorgan.simpleStock.service.SimpleStockServiceImpl.calculateDividendYield 38 - Calculate the dividend yield
2015-09-17 14:16:00,732  INFO [main] - jpmorgan.simpleStock.service.SimpleStockServiceImpl.calculateDividendYield 38 - Calculate the dividend yield
2015-09-17 14:16:00,736  INFO [main] - jpmorgan.simpleStock.service.SimpleStockServiceImpl.calculateDividendYield 38 - Calculate the dividend yield
2015-09-17 14:16:00,736  INFO [main] - jpmorgan.simpleStock.service.SimpleStockServiceImpl.calculateDividendYield 38 - Calculate the dividend yield
2015-09-17 14:16:00,736  INFO [main] - jpmorgan.simpleStock.service.SimpleStockServiceImpl.calculateDividendYield 38 - Calculate the dividend yield
2015-09-17 14:16:00,736  INFO [main] - jpmorgan.simpleStock.service.SimpleStockServiceImpl.calculateDividendYield 38 - Calculate the dividend yield
2015-09-17 14:16:00,737  INFO [main] - jpmorgan.simpleStock.service.SimpleStockServiceImpl.calculatePERation 61 - Calculate the P/E Ration
2015-09-17 14:16:00,737 ERROR [main] - jpmorgan.simpleStock.model.Stock.getPeRatio 191 - The last dividend should be greater than 0
2015-09-17 14:16:06,021  INFO [main] - jpmorgan.simpleStock.service.SimpleStockServiceImpl.calculatePERation 61 - Calculate the P/E Ration
2015-09-17 14:16:06,024 ERROR [main] - jpmorgan.simpleStock.model.Stock.getPeRatio 191 - The last dividend should be greater than 0
2015-09-17 14:16:22,800  INFO [main] - jpmorgan.simpleStock.service.SimpleStockServiceImpl.calculatePERation 61 - Calculate the P/E Ration
2015-09-17 14:16:22,803 ERROR [main] - jpmorgan.simpleStock.model.Stock.getPeRatio 191 - The last dividend should be greater than 0
2015-09-17 14:17:21,728  INFO [main] - jpmorgan.simpleStock.service.SimpleStockServiceImpl.calculatePERation 61 - Calculate the P/E Ration
2015-09-17 14:17:29,184 ERROR [main] - jpmorgan.simpleStock.model.Stock.getPeRatio 191 - The last dividend should be greater than 0
2015-09-17 14:18:29,695  INFO [main] - jpmorgan.simpleStock.service.SimpleStockServiceImpl.calculatePERation 61 - Calculate the P/E Ration
2015-09-17 14:18:30,930 ERROR [main] - jpmorgan.simpleStock.model.Stock.getPeRatio 191 - The last dividend should be greater than 0
2015-09-17 14:18:31,198 ERROR [main] - jpmorgan.simpleStock.service.SimpleStockServiceImpl.calculatePERation 76 - An error occured calculing the PE Ratio for : TEA
2015-09-17 14:18:44,972  INFO [main] - jpmorgan.simpleStock.service.SimpleStockServiceImpl.calculatePERation 61 - Calculate the P/E Ration
2015-09-17 14:19:15,099 ERROR [main] - jpmorgan.simpleStock.model.Stock.getPeRatio 191 - The last dividend should be greater than 0
2015-09-17 14:19:15,101 ERROR [main] - jpmorgan.simpleStock.service.SimpleStockServiceImpl.calculatePERation 76 - An error occured calculing the PE Ratio for : TEA
2015-09-17 14:20:06,433  INFO [main] - jpmorgan.simpleStock.service.SimpleStockServiceImpl.calculateDividendYield 38 - Calculate the dividend yield
2015-09-17 14:20:06,437  INFO [main] - jpmorgan.simpleStock.service.SimpleStockServiceImpl.calculateDividendYield 38 - Calculate the dividend yield
2015-09-17 14:20:06,437  INFO [main] - jpmorgan.simpleStock.service.SimpleStockServiceImpl.calculateDividendYield 38 - Calculate the dividend yield
2015-09-17 14:20:06,437  INFO [main] - jpmorgan.simpleStock.service.SimpleStockServiceImpl.calculateDividendYield 38 - Calculate the dividend yield
2015-09-17 14:20:06,437  INFO [main] - jpmorgan.simpleStock.service.SimpleStockServiceImpl.calculateDividendYield 38 - Calculate the dividend yield
2015-09-17 14:20:06,438  INFO [main] - jpmorgan.simpleStock.service.SimpleStockServiceImpl.calculatePERation 61 - Calculate the P/E Ration
2015-09-17 14:20:06,438 ERROR [main] - jpmorgan.simpleStock.model.Stock.getPeRatio 191 - The last dividend should be greater than 0
2015-09-17 14:20:06,438 ERROR [main] - jpmorgan.simpleStock.service.SimpleStockServiceImpl.calculatePERation 76 - An error occured calculing the PE Ratio for : TEA
2015-09-17 14:20:06,439  INFO [main] - jpmorgan.simpleStock.service.SimpleStockServiceImpl.calculatePERation 61 - Calculate the P/E Ration
2015-09-17 14:20:06,440  INFO [main] - jpmorgan.simpleStock.service.SimpleStockServiceImpl.calculatePERation 61 - Calculate the P/E Ration
2015-09-17 14:20:06,440  INFO [main] - jpmorgan.simpleStock.service.SimpleStockServiceImpl.calculatePERation 61 - Calculate the P/E Ration
2015-09-17 14:20:06,440  INFO [main] - jpmorgan.simpleStock.service.SimpleStockServiceImpl.calculatePERation 61 - Calculate the P/E Ration
2015-09-17 14:20:10,052  INFO [main] - jpmorgan.simpleStock.service.SimpleStockServiceImpl.calculateDividendYield 38 - Calculate the dividend yield
2015-09-17 14:20:10,056  INFO [main] - jpmorgan.simpleStock.service.SimpleStockServiceImpl.calculateDividendYield 38 - Calculate the dividend yield
2015-09-17 14:20:10,056  INFO [main] - jpmorgan.simpleStock.service.SimpleStockServiceImpl.calculateDividendYield 38 - Calculate the dividend yield
2015-09-17 14:20:10,056  INFO [main] - jpmorgan.simpleStock.service.SimpleStockServiceImpl.calculateDividendYield 38 - Calculate the dividend yield
2015-09-17 14:20:10,056  INFO [main] - jpmorgan.simpleStock.service.SimpleStockServiceImpl.calculateDividendYield 38 - Calculate the dividend yield
2015-09-17 14:20:10,057  INFO [main] - jpmorgan.simpleStock.service.SimpleStockServiceImpl.calculatePERation 61 - Calculate the P/E Ration
2015-09-17 14:20:10,057 ERROR [main] - jpmorgan.simpleStock.model.Stock.getPeRatio 191 - The last dividend should be greater than 0
2015-09-17 14:20:10,057 ERROR [main] - jpmorgan.simpleStock.service.SimpleStockServiceImpl.calculatePERation 76 - An error occured calculing the PE Ratio for : TEA
2015-09-17 14:20:10,058  INFO [main] - jpmorgan.simpleStock.service.SimpleStockServiceImpl.calculatePERation 61 - Calculate the P/E Ration
2015-09-17 14:20:10,059  INFO [main] - jpmorgan.simpleStock.service.SimpleStockServiceImpl.calculatePERation 61 - Calculate the P/E Ration
2015-09-17 14:20:10,059  INFO [main] - jpmorgan.simpleStock.service.SimpleStockServiceImpl.calculatePERation 61 - Calculate the P/E Ration
2015-09-17 14:20:10,059  INFO [main] - jpmorgan.simpleStock.service.SimpleStockServiceImpl.calculatePERation 61 - Calculate the P/E Ration
2015-09-17 14:20:35,368  INFO [main] - jpmorgan.simpleStock.service.SimpleStockServiceImpl.calculateDividendYield 38 - Calculate the dividend yield
2015-09-17 14:20:50,512  INFO [main] - jpmorgan.simpleStock.service.SimpleStockServiceImpl.calculateDividendYield 38 - Calculate the dividend yield
2015-09-17 14:20:52,994  INFO [main] - jpmorgan.simpleStock.service.SimpleStockServiceImpl.calculateDividendYield 38 - Calculate the dividend yield
2015-09-17 14:20:55,520  INFO [main] - jpmorgan.simpleStock.service.SimpleStockServiceImpl.calculateDividendYield 38 - Calculate the dividend yield
2015-09-17 14:20:56,097  INFO [main] - jpmorgan.simpleStock.service.SimpleStockServiceImpl.calculateDividendYield 38 - Calculate the dividend yield
2015-09-17 14:21:01,945  INFO [main] - jpmorgan.simpleStock.service.SimpleStockServiceImpl.calculatePERation 61 - Calculate the P/E Ration
2015-09-17 14:21:04,696 ERROR [main] - jpmorgan.simpleStock.model.Stock.getPeRatio 191 - The last dividend should be greater than 0
2015-09-17 14:21:04,698 ERROR [main] - jpmorgan.simpleStock.service.SimpleStockServiceImpl.calculatePERation 76 - An error occured calculing the PE Ratio for : TEA
2015-09-17 14:21:12,972  INFO [main] - jpmorgan.simpleStock.service.SimpleStockServiceImpl.calculatePERation 61 - Calculate the P/E Ration
2015-09-17 14:21:15,955  INFO [main] - jpmorgan.simpleStock.service.SimpleStockServiceImpl.calculatePERation 61 - Calculate the P/E Ration
2015-09-17 14:21:19,032  INFO [main] - jpmorgan.simpleStock.service.SimpleStockServiceImpl.calculatePERation 61 - Calculate the P/E Ration
2015-09-17 14:21:19,033  INFO [main] - jpmorgan.simpleStock.service.SimpleStockServiceImpl.calculatePERation 61 - Calculate the P/E Ration
2015-09-17 14:36:23,717  INFO [main] - jpmorgan.simpleStock.service.SimpleStockServiceImpl.calculateDividendYield 38 - Calculate the dividend yield
2015-09-17 14:36:23,720  INFO [main] - jpmorgan.simpleStock.service.SimpleStockServiceImpl.calculateDividendYield 38 - Calculate the dividend yield
2015-09-17 14:36:23,720  INFO [main] - jpmorgan.simpleStock.service.SimpleStockServiceImpl.calculateDividendYield 38 - Calculate the dividend yield
2015-09-17 14:36:23,720  INFO [main] - jpmorgan.simpleStock.service.SimpleStockServiceImpl.calculateDividendYield 38 - Calculate the dividend yield
2015-09-17 14:36:23,721  INFO [main] - jpmorgan.simpleStock.service.SimpleStockServiceImpl.calculateDividendYield 38 - Calculate the dividend yield
2015-09-17 14:36:23,721  INFO [main] - jpmorgan.simpleStock.service.SimpleStockServiceImpl.calculatePERation 61 - Calculate the P/E Ration
2015-09-17 14:36:23,721 ERROR [main] - jpmorgan.simpleStock.model.Stock.getPeRatio 191 - The last dividend should be greater than 0
2015-09-17 14:36:23,721 ERROR [main] - jpmorgan.simpleStock.service.SimpleStockServiceImpl.calculatePERation 76 - An error occured calculing the PE Ratio for : TEA
2015-09-17 14:36:23,722  INFO [main] - jpmorgan.simpleStock.service.SimpleStockServiceImpl.calculatePERation 61 - Calculate the P/E Ration
2015-09-17 14:36:23,722  INFO [main] - jpmorgan.simpleStock.service.SimpleStockServiceImpl.calculatePERation 61 - Calculate the P/E Ration
2015-09-17 14:36:23,723  INFO [main] - jpmorgan.simpleStock.service.SimpleStockServiceImpl.calculatePERation 61 - Calculate the P/E Ration
2015-09-17 14:36:23,723  INFO [main] - jpmorgan.simpleStock.service.SimpleStockServiceImpl.calculatePERation 61 - Calculate the P/E Ration
2015-09-17 14:44:14,709  INFO [main] - jpmorgan.simpleStock.service.SimpleStockServiceImpl.recordTrade 100 - Recode of a new trade
2015-09-17 14:44:24,367  INFO [main] - jpmorgan.simpleStock.service.SimpleStockServiceImpl.recordTrade 100 - Recode of a new trade
2015-09-17 14:44:24,371  INFO [main] - jpmorgan.simpleStock.service.SimpleStockServiceImpl.calculateDividendYield 35 - Calculate the dividend yield
2015-09-17 14:44:24,371  INFO [main] - jpmorgan.simpleStock.service.SimpleStockServiceImpl.calculateDividendYield 35 - Calculate the dividend yield
2015-09-17 14:44:24,371  INFO [main] - jpmorgan.simpleStock.service.SimpleStockServiceImpl.calculateDividendYield 35 - Calculate the dividend yield
2015-09-17 14:44:24,372  INFO [main] - jpmorgan.simpleStock.service.SimpleStockServiceImpl.calculateDividendYield 35 - Calculate the dividend yield
2015-09-17 14:44:24,372  INFO [main] - jpmorgan.simpleStock.service.SimpleStockServiceImpl.calculateDividendYield 35 - Calculate the dividend yield
2015-09-17 14:44:24,373  INFO [main] - jpmorgan.simpleStock.service.SimpleStockServiceImpl.calculatePERation 58 - Calculate the P/E Ration
2015-09-17 14:44:24,373 ERROR [main] - jpmorgan.simpleStock.model.Stock.getPeRatio 191 - The last dividend should be greater than 0
2015-09-17 14:44:24,373 ERROR [main] - jpmorgan.simpleStock.service.SimpleStockServiceImpl.calculatePERation 73 - An error occured calculing the PE Ratio for : TEA
2015-09-17 14:44:24,374  INFO [main] - jpmorgan.simpleStock.service.SimpleStockServiceImpl.calculatePERation 58 - Calculate the P/E Ration
2015-09-17 14:44:24,374  INFO [main] - jpmorgan.simpleStock.service.SimpleStockServiceImpl.calculatePERation 58 - Calculate the P/E Ration
2015-09-17 14:44:24,374  INFO [main] - jpmorgan.simpleStock.service.SimpleStockServiceImpl.calculatePERation 58 - Calculate the P/E Ration
2015-09-17 14:44:24,374  INFO [main] - jpmorgan.simpleStock.service.SimpleStockServiceImpl.calculatePERation 58 - Calculate the P/E Ration
2015-09-17 14:59:21,774  INFO [main] - jpmorgan.simpleStock.service.SimpleStockServiceImpl.recordTrade 100 - Recode of a new trade
2015-09-17 15:54:05,466  INFO [main] - jpmorgan.simpleStock.service.SimpleStockServiceImpl.calculateVolumeWeightedStockPrice 163 - Calculate the Volume Weight stock price
2015-09-17 15:54:05,468 DEBUG [main] - jpmorgan.simpleStock.service.SimpleStockServiceImpl.calculateVolumeWeightedStockPrice 170 - 
2015-09-17 15:54:05,470  INFO [main] - jpmorgan.simpleStock.service.SimpleStockServiceImpl.recordTrade 100 - Recode of a new trade
2015-09-17 15:54:05,470  INFO [main] - jpmorgan.simpleStock.service.SimpleStockServiceImpl.calculateDividendYield 35 - Calculate the dividend yield
2015-09-17 15:54:05,470  INFO [main] - jpmorgan.simpleStock.service.SimpleStockServiceImpl.calculateDividendYield 35 - Calculate the dividend yield
2015-09-17 15:54:05,470  INFO [main] - jpmorgan.simpleStock.service.SimpleStockServiceImpl.calculateDividendYield 35 - Calculate the dividend yield
2015-09-17 15:54:05,471  INFO [main] - jpmorgan.simpleStock.service.SimpleStockServiceImpl.calculateDividendYield 35 - Calculate the dividend yield
2015-09-17 15:54:05,471  INFO [main] - jpmorgan.simpleStock.service.SimpleStockServiceImpl.calculateDividendYield 35 - Calculate the dividend yield
2015-09-17 15:54:05,471  INFO [main] - jpmorgan.simpleStock.service.SimpleStockServiceImpl.calculatePERation 58 - Calculate the P/E Ration
2015-09-17 15:54:05,471 ERROR [main] - jpmorgan.simpleStock.model.Stock.getPeRatio 191 - The last dividend should be greater than 0
2015-09-17 15:54:05,471 ERROR [main] - jpmorgan.simpleStock.service.SimpleStockServiceImpl.calculatePERation 73 - An error occured calculing the PE Ratio for : TEA
2015-09-17 15:54:05,472  INFO [main] - jpmorgan.simpleStock.service.SimpleStockServiceImpl.calculatePERation 58 - Calculate the P/E Ration
2015-09-17 15:54:05,472  INFO [main] - jpmorgan.simpleStock.service.SimpleStockServiceImpl.calculatePERation 58 - Calculate the P/E Ration
2015-09-17 15:54:05,473  INFO [main] - jpmorgan.simpleStock.service.SimpleStockServiceImpl.calculatePERation 58 - Calculate the P/E Ration
2015-09-17 15:54:05,473  INFO [main] - jpmorgan.simpleStock.service.SimpleStockServiceImpl.calculatePERation 58 - Calculate the P/E Ration
2015-09-17 15:54:18,808  INFO [main] - jpmorgan.simpleStock.service.SimpleStockServiceImpl.calculateVolumeWeightedStockPrice 163 - Calculate the Volume Weight stock price
2015-09-17 15:54:18,812 DEBUG [main] - jpmorgan.simpleStock.service.SimpleStockServiceImpl.calculateVolumeWeightedStockPrice 170 - 
2015-09-17 15:54:39,201  INFO [main] - jpmorgan.simpleStock.service.SimpleStockServiceImpl.calculateVolumeWeightedStockPrice 163 - Calculate the Volume Weight stock price
2015-09-17 15:55:28,120  INFO [main] - jpmorgan.simpleStock.service.SimpleStockServiceImpl.recordTrade 100 - Recode of a new trade
2015-09-17 15:55:32,126  INFO [main] - jpmorgan.simpleStock.service.SimpleStockServiceImpl.calculateDividendYield 35 - Calculate the dividend yield
2015-09-17 15:55:32,127  INFO [main] - jpmorgan.simpleStock.service.SimpleStockServiceImpl.calculateDividendYield 35 - Calculate the dividend yield
2015-09-17 15:55:32,127  INFO [main] - jpmorgan.simpleStock.service.SimpleStockServiceImpl.calculateDividendYield 35 - Calculate the dividend yield
2015-09-17 15:55:32,128  INFO [main] - jpmorgan.simpleStock.service.SimpleStockServiceImpl.calculateDividendYield 35 - Calculate the dividend yield
2015-09-17 15:55:32,128  INFO [main] - jpmorgan.simpleStock.service.SimpleStockServiceImpl.calculateDividendYield 35 - Calculate the dividend yield
2015-09-17 15:55:32,130  INFO [main] - jpmorgan.simpleStock.service.SimpleStockServiceImpl.calculatePERation 58 - Calculate the P/E Ration
2015-09-17 15:55:32,130 ERROR [main] - jpmorgan.simpleStock.model.Stock.getPeRatio 191 - The last dividend should be greater than 0
2015-09-17 15:55:32,131 ERROR [main] - jpmorgan.simpleStock.service.SimpleStockServiceImpl.calculatePERation 73 - An error occured calculing the PE Ratio for : TEA
2015-09-17 15:55:35,585  INFO [main] - jpmorgan.simpleStock.service.SimpleStockServiceImpl.calculatePERation 58 - Calculate the P/E Ration
2015-09-17 15:55:35,586  INFO [main] - jpmorgan.simpleStock.service.SimpleStockServiceImpl.calculatePERation 58 - Calculate the P/E Ration
2015-09-17 15:55:35,587  INFO [main] - jpmorgan.simpleStock.service.SimpleStockServiceImpl.calculatePERation 58 - Calculate the P/E Ration
2015-09-17 15:55:35,587  INFO [main] - jpmorgan.simpleStock.service.SimpleStockServiceImpl.calculatePERation 58 - Calculate the P/E Ration
2015-09-17 15:55:35,589  INFO [main] - jpmorgan.simpleStock.service.SimpleStockServiceImpl.calculateVolumeWeightedStockPrice 163 - Calculate the Volume Weight stock price
2015-09-17 15:55:45,776 DEBUG [main] - jpmorgan.simpleStock.service.SimpleStockServiceImpl.calculateVolumeWeightedStockPrice 170 - 
2015-09-17 15:56:05,620  INFO [main] - jpmorgan.simpleStock.service.SimpleStockServiceImpl.calculateVolumeWeightedStockPrice 163 - Calculate the Volume Weight stock price
2015-09-17 15:56:05,624 DEBUG [main] - jpmorgan.simpleStock.service.SimpleStockServiceImpl.calculateVolumeWeightedStockPrice 170 - 
2015-09-17 15:56:05,626  INFO [main] - jpmorgan.simpleStock.service.SimpleStockServiceImpl.recordTrade 100 - Recode of a new trade
2015-09-17 15:56:05,626  INFO [main] - jpmorgan.simpleStock.service.SimpleStockServiceImpl.calculateDividendYield 35 - Calculate the dividend yield
2015-09-17 15:56:05,626  INFO [main] - jpmorgan.simpleStock.service.SimpleStockServiceImpl.calculateDividendYield 35 - Calculate the dividend yield
2015-09-17 15:56:05,626  INFO [main] - jpmorgan.simpleStock.service.SimpleStockServiceImpl.calculateDividendYield 35 - Calculate the dividend yield
2015-09-17 15:56:05,626  INFO [main] - jpmorgan.simpleStock.service.SimpleStockServiceImpl.calculateDividendYield 35 - Calculate the dividend yield
2015-09-17 15:56:05,627  INFO [main] - jpmorgan.simpleStock.service.SimpleStockServiceImpl.calculateDividendYield 35 - Calculate the dividend yield
2015-09-17 15:56:05,627  INFO [main] - jpmorgan.simpleStock.service.SimpleStockServiceImpl.calculatePERation 58 - Calculate the P/E Ration
2015-09-17 15:56:05,627 ERROR [main] - jpmorgan.simpleStock.model.Stock.getPeRatio 191 - The last dividend should be greater than 0
2015-09-17 15:56:05,627 ERROR [main] - jpmorgan.simpleStock.service.SimpleStockServiceImpl.calculatePERation 73 - An error occured calculing the PE Ratio for : TEA
2015-09-17 15:56:05,628  INFO [main] - jpmorgan.simpleStock.service.SimpleStockServiceImpl.calculatePERation 58 - Calculate the P/E Ration
2015-09-17 15:56:05,629  INFO [main] - jpmorgan.simpleStock.service.SimpleStockServiceImpl.calculatePERation 58 - Calculate the P/E Ration
2015-09-17 15:56:05,629  INFO [main] - jpmorgan.simpleStock.service.SimpleStockServiceImpl.calculatePERation 58 - Calculate the P/E Ration
2015-09-17 15:56:05,629  INFO [main] - jpmorgan.simpleStock.service.SimpleStockServiceImpl.calculatePERation 58 - Calculate the P/E Ration
2015-09-17 15:56:10,942  INFO [main] - jpmorgan.simpleStock.service.SimpleStockServiceImpl.calculateVolumeWeightedStockPrice 163 - Calculate the Volume Weight stock price
2015-09-17 15:59:44,594  INFO [main] - jpmorgan.simpleStock.service.SimpleStockServiceImpl.calculateVolumeWeightedStockPrice 163 - Calculate the Volume Weight stock price
2015-09-17 15:59:44,601  INFO [main] - jpmorgan.simpleStock.service.SimpleStockServiceImpl.recordTrade 100 - Recode of a new trade
2015-09-17 15:59:44,602  INFO [main] - jpmorgan.simpleStock.service.SimpleStockServiceImpl.calculateDividendYield 35 - Calculate the dividend yield
2015-09-17 15:59:44,602  INFO [main] - jpmorgan.simpleStock.service.SimpleStockServiceImpl.calculateDividendYield 35 - Calculate the dividend yield
2015-09-17 15:59:44,602  INFO [main] - jpmorgan.simpleStock.service.SimpleStockServiceImpl.calculateDividendYield 35 - Calculate the dividend yield
2015-09-17 15:59:44,602  INFO [main] - jpmorgan.simpleStock.service.SimpleStockServiceImpl.calculateDividendYield 35 - Calculate the dividend yield
2015-09-17 15:59:44,602  INFO [main] - jpmorgan.simpleStock.service.SimpleStockServiceImpl.calculateDividendYield 35 - Calculate the dividend yield
2015-09-17 15:59:44,603  INFO [main] - jpmorgan.simpleStock.service.SimpleStockServiceImpl.calculatePERation 58 - Calculate the P/E Ration
2015-09-17 15:59:44,603 ERROR [main] - jpmorgan.simpleStock.model.Stock.getPeRatio 191 - The last dividend should be greater than 0
2015-09-17 15:59:44,603 ERROR [main] - jpmorgan.simpleStock.service.SimpleStockServiceImpl.calculatePERation 73 - An error occured calculing the PE Ratio for : TEA
2015-09-17 15:59:44,604  INFO [main] - jpmorgan.simpleStock.service.SimpleStockServiceImpl.calculatePERation 58 - Calculate the P/E Ration
2015-09-17 15:59:44,604  INFO [main] - jpmorgan.simpleStock.service.SimpleStockServiceImpl.calculatePERation 58 - Calculate the P/E Ration
2015-09-17 15:59:44,605  INFO [main] - jpmorgan.simpleStock.service.SimpleStockServiceImpl.calculatePERation 58 - Calculate the P/E Ration
2015-09-17 15:59:44,605  INFO [main] - jpmorgan.simpleStock.service.SimpleStockServiceImpl.calculatePERation 58 - Calculate the P/E Ration
2015-09-17 15:59:44,605  INFO [main] - jpmorgan.simpleStock.service.SimpleStockServiceImpl.calculateVolumeWeightedStockPrice 163 - Calculate the Volume Weight stock price
2015-09-17 16:00:18,582  INFO [main] - jpmorgan.simpleStock.service.SimpleStockServiceImpl.calculateVolumeWeightedStockPrice 163 - Calculate the Volume Weight stock price
2015-09-17 16:00:22,570  INFO [main] - jpmorgan.simpleStock.service.SimpleStockServiceImpl.recordTrade 100 - Recode of a new trade
2015-09-17 16:00:22,571  INFO [main] - jpmorgan.simpleStock.service.SimpleStockServiceImpl.calculateDividendYield 35 - Calculate the dividend yield
2015-09-17 16:00:22,571  INFO [main] - jpmorgan.simpleStock.service.SimpleStockServiceImpl.calculateDividendYield 35 - Calculate the dividend yield
2015-09-17 16:00:22,572  INFO [main] - jpmorgan.simpleStock.service.SimpleStockServiceImpl.calculateDividendYield 35 - Calculate the dividend yield
2015-09-17 16:00:22,572  INFO [main] - jpmorgan.simpleStock.service.SimpleStockServiceImpl.calculateDividendYield 35 - Calculate the dividend yield
2015-09-17 16:00:22,573  INFO [main] - jpmorgan.simpleStock.service.SimpleStockServiceImpl.calculateDividendYield 35 - Calculate the dividend yield
2015-09-17 16:00:22,574  INFO [main] - jpmorgan.simpleStock.service.SimpleStockServiceImpl.calculatePERation 58 - Calculate the P/E Ration
2015-09-17 16:00:22,574 ERROR [main] - jpmorgan.simpleStock.model.Stock.getPeRatio 191 - The last dividend should be greater than 0
2015-09-17 16:00:22,575 ERROR [main] - jpmorgan.simpleStock.service.SimpleStockServiceImpl.calculatePERation 73 - An error occured calculing the PE Ratio for : TEA
2015-09-17 16:00:22,578  INFO [main] - jpmorgan.simpleStock.service.SimpleStockServiceImpl.calculatePERation 58 - Calculate the P/E Ration
2015-09-17 16:00:22,578  INFO [main] - jpmorgan.simpleStock.service.SimpleStockServiceImpl.calculatePERation 58 - Calculate the P/E Ration
2015-09-17 16:00:22,579  INFO [main] - jpmorgan.simpleStock.service.SimpleStockServiceImpl.calculatePERation 58 - Calculate the P/E Ration
2015-09-17 16:00:22,579  INFO [main] - jpmorgan.simpleStock.service.SimpleStockServiceImpl.calculatePERation 58 - Calculate the P/E Ration
2015-09-17 16:00:26,124  INFO [main] - jpmorgan.simpleStock.service.SimpleStockServiceImpl.calculateVolumeWeightedStockPrice 163 - Calculate the Volume Weight stock price
2015-09-17 16:00:26,129  INFO [main] - jpmorgan.simpleStock.service.SimpleStockServiceImpl.recordTrade 100 - Recode of a new trade
2015-09-17 16:00:26,129  INFO [main] - jpmorgan.simpleStock.service.SimpleStockServiceImpl.calculateDividendYield 35 - Calculate the dividend yield
2015-09-17 16:00:26,129  INFO [main] - jpmorgan.simpleStock.service.SimpleStockServiceImpl.calculateDividendYield 35 - Calculate the dividend yield
2015-09-17 16:00:26,130  INFO [main] - jpmorgan.simpleStock.service.SimpleStockServiceImpl.calculateDividendYield 35 - Calculate the dividend yield
2015-09-17 16:00:26,130  INFO [main] - jpmorgan.simpleStock.service.SimpleStockServiceImpl.calculateDividendYield 35 - Calculate the dividend yield
2015-09-17 16:00:26,130  INFO [main] - jpmorgan.simpleStock.service.SimpleStockServiceImpl.calculateDividendYield 35 - Calculate the dividend yield
2015-09-17 16:00:26,130  INFO [main] - jpmorgan.simpleStock.service.SimpleStockServiceImpl.calculatePERation 58 - Calculate the P/E Ration
2015-09-17 16:00:26,130 ERROR [main] - jpmorgan.simpleStock.model.Stock.getPeRatio 191 - The last dividend should be greater than 0
2015-09-17 16:00:26,130 ERROR [main] - jpmorgan.simpleStock.service.SimpleStockServiceImpl.calculatePERation 73 - An error occured calculing the PE Ratio for : TEA
2015-09-17 16:00:26,131  INFO [main] - jpmorgan.simpleStock.service.SimpleStockServiceImpl.calculatePERation 58 - Calculate the P/E Ration
2015-09-17 16:00:26,132  INFO [main] - jpmorgan.simpleStock.service.SimpleStockServiceImpl.calculatePERation 58 - Calculate the P/E Ration
2015-09-17 16:00:26,132  INFO [main] - jpmorgan.simpleStock.service.SimpleStockServiceImpl.calculatePERation 58 - Calculate the P/E Ration
2015-09-17 16:00:26,132  INFO [main] - jpmorgan.simpleStock.service.SimpleStockServiceImpl.calculatePERation 58 - Calculate the P/E Ration
2015-09-17 16:00:26,132  INFO [main] - jpmorgan.simpleStock.service.SimpleStockServiceImpl.calculateGBCEAllShareIndex 181 - Calculate GBCE All index
2015-09-17 16:00:50,873  INFO [main] - jpmorgan.simpleStock.service.SimpleStockServiceImpl.calculateGBCEAllShareIndex 181 - Calculate GBCE All index
2015-09-17 16:11:39,273  INFO [main] - jpmorgan.simpleStock.service.SimpleStockServiceImpl.calculateVolumeWeightedStockPrice 184 - Calculate the Volume Weight stock price
2015-09-17 16:11:39,277  INFO [main] - jpmorgan.simpleStock.service.SimpleStockServiceImpl.recordTrade 100 - Recode of a new trade
2015-09-17 16:11:39,278  INFO [main] - jpmorgan.simpleStock.service.SimpleStockServiceImpl.calculateDividendYield 35 - Calculate the dividend yield
2015-09-17 16:11:39,278  INFO [main] - jpmorgan.simpleStock.service.SimpleStockServiceImpl.calculateDividendYield 35 - Calculate the dividend yield
2015-09-17 16:11:39,278  INFO [main] - jpmorgan.simpleStock.service.SimpleStockServiceImpl.calculateDividendYield 35 - Calculate the dividend yield
2015-09-17 16:11:39,278  INFO [main] - jpmorgan.simpleStock.service.SimpleStockServiceImpl.calculateDividendYield 35 - Calculate the dividend yield
2015-09-17 16:11:39,279  INFO [main] - jpmorgan.simpleStock.service.SimpleStockServiceImpl.calculateDividendYield 35 - Calculate the dividend yield
2015-09-17 16:11:39,279  INFO [main] - jpmorgan.simpleStock.service.SimpleStockServiceImpl.calculatePERation 58 - Calculate the P/E Ration
2015-09-17 16:11:39,279 ERROR [main] - jpmorgan.simpleStock.model.Stock.getPeRatio 191 - The last dividend should be greater than 0
2015-09-17 16:11:39,279 ERROR [main] - jpmorgan.simpleStock.service.SimpleStockServiceImpl.calculatePERation 73 - An error occured calculing the PE Ratio for : TEA
2015-09-17 16:11:39,280  INFO [main] - jpmorgan.simpleStock.service.SimpleStockServiceImpl.calculatePERation 58 - Calculate the P/E Ration
2015-09-17 16:11:39,280  INFO [main] - jpmorgan.simpleStock.service.SimpleStockServiceImpl.calculatePERation 58 - Calculate the P/E Ration
2015-09-17 16:11:39,281  INFO [main] - jpmorgan.simpleStock.service.SimpleStockServiceImpl.calculatePERation 58 - Calculate the P/E Ration
2015-09-17 16:11:39,281  INFO [main] - jpmorgan.simpleStock.service.SimpleStockServiceImpl.calculatePERation 58 - Calculate the P/E Ration
2015-09-17 16:11:39,281  INFO [main] - jpmorgan.simpleStock.service.SimpleStockServiceImpl.calculateGBCEAllShareIndex 202 - Calculate GBCE All index
2015-09-17 16:11:48,478  INFO [main] - jpmorgan.simpleStock.service.SimpleStockServiceImpl.calculateGBCEAllShareIndex 202 - Calculate GBCE All index
2015-09-17 16:12:06,413  INFO [main] - jpmorgan.simpleStock.service.SimpleStockServiceImpl.calculateGBCEAllShareIndex 202 - Calculate GBCE All index
2015-09-17 16:47:23,222  INFO [main] - jpmorgan.simpleStock.service.SimpleStockServiceImpl.calculateGBCEAllShareIndex 202 - Calculate GBCE All index
2015-09-17 16:47:23,226 ERROR [main] - jpmorgan.simpleStock.service.SimpleStockServiceImpl.calculateGBCEAllShareIndex 217 - Error: GBCE calculation
java.lang.ClassCastException: java.util.HashMap$Values cannot be cast to java.util.List
	at jpmorgan.simpleStock.service.SimpleStockServiceImpl.calculateGBCEAllShareIndex(SimpleStockServiceImpl.java:205)
	at jpmorgan.simpleStock.simpleStockServiceTest.calculateGBCEAllShareIndexTest(simpleStockServiceTest.java:115)
	at sun.reflect.NativeMethodAccessorImpl.invoke0(Native Method)
	at sun.reflect.NativeMethodAccessorImpl.invoke(Unknown Source)
	at sun.reflect.DelegatingMethodAccessorImpl.invoke(Unknown Source)
	at java.lang.reflect.Method.invoke(Unknown Source)
	at org.junit.runners.model.FrameworkMethod$1.runReflectiveCall(FrameworkMethod.java:45)
	at org.junit.internal.runners.model.ReflectiveCallable.run(ReflectiveCallable.java:15)
	at org.junit.runners.model.FrameworkMethod.invokeExplosively(FrameworkMethod.java:42)
	at org.junit.internal.runners.statements.InvokeMethod.evaluate(InvokeMethod.java:20)
	at org.junit.internal.runners.statements.RunBefores.evaluate(RunBefores.java:28)
	at org.junit.runners.ParentRunner.runLeaf(ParentRunner.java:263)
	at org.junit.runners.BlockJUnit4ClassRunner.runChild(BlockJUnit4ClassRunner.java:68)
	at org.junit.runners.BlockJUnit4ClassRunner.runChild(BlockJUnit4ClassRunner.java:47)
	at org.junit.runners.ParentRunner$3.run(ParentRunner.java:231)
	at org.junit.runners.ParentRunner$1.schedule(ParentRunner.java:60)
	at org.junit.runners.ParentRunner.runChildren(ParentRunner.java:229)
	at org.junit.runners.ParentRunner.access$000(ParentRunner.java:50)
	at org.junit.runners.ParentRunner$2.evaluate(ParentRunner.java:222)
	at org.junit.runners.ParentRunner.run(ParentRunner.java:300)
	at org.eclipse.jdt.internal.junit4.runner.JUnit4TestReference.run(JUnit4TestReference.java:50)
	at org.eclipse.jdt.internal.junit.runner.TestExecution.run(TestExecution.java:38)
	at org.eclipse.jdt.internal.junit.runner.RemoteTestRunner.runTests(RemoteTestRunner.java:459)
	at org.eclipse.jdt.internal.junit.runner.RemoteTestRunner.runTests(RemoteTestRunner.java:675)
	at org.eclipse.jdt.internal.junit.runner.RemoteTestRunner.run(RemoteTestRunner.java:382)
	at org.eclipse.jdt.internal.junit.runner.RemoteTestRunner.main(RemoteTestRunner.java:192)
2015-09-17 16:47:34,098  INFO [main] - jpmorgan.simpleStock.service.SimpleStockServiceImpl.calculateGBCEAllShareIndex 202 - Calculate GBCE All index
2015-09-17 16:47:38,681 ERROR [main] - jpmorgan.simpleStock.service.SimpleStockServiceImpl.calculateGBCEAllShareIndex 217 - Error: GBCE calculation
java.lang.ClassCastException: java.util.HashMap$Values cannot be cast to java.util.List
	at jpmorgan.simpleStock.service.SimpleStockServiceImpl.calculateGBCEAllShareIndex(SimpleStockServiceImpl.java:205)
	at jpmorgan.simpleStock.simpleStockServiceTest.calculateGBCEAllShareIndexTest(simpleStockServiceTest.java:115)
	at sun.reflect.NativeMethodAccessorImpl.invoke0(Native Method)
	at sun.reflect.NativeMethodAccessorImpl.invoke(Unknown Source)
	at sun.reflect.DelegatingMethodAccessorImpl.invoke(Unknown Source)
	at java.lang.reflect.Method.invoke(Unknown Source)
	at org.junit.runners.model.FrameworkMethod$1.runReflectiveCall(FrameworkMethod.java:45)
	at org.junit.internal.runners.model.ReflectiveCallable.run(ReflectiveCallable.java:15)
	at org.junit.runners.model.FrameworkMethod.invokeExplosively(FrameworkMethod.java:42)
	at org.junit.internal.runners.statements.InvokeMethod.evaluate(InvokeMethod.java:20)
	at org.junit.internal.runners.statements.RunBefores.evaluate(RunBefores.java:28)
	at org.junit.runners.ParentRunner.runLeaf(ParentRunner.java:263)
	at org.junit.runners.BlockJUnit4ClassRunner.runChild(BlockJUnit4ClassRunner.java:68)
	at org.junit.runners.BlockJUnit4ClassRunner.runChild(BlockJUnit4ClassRunner.java:47)
	at org.junit.runners.ParentRunner$3.run(ParentRunner.java:231)
	at org.junit.runners.ParentRunner$1.schedule(ParentRunner.java:60)
	at org.junit.runners.ParentRunner.runChildren(ParentRunner.java:229)
	at org.junit.runners.ParentRunner.access$000(ParentRunner.java:50)
	at org.junit.runners.ParentRunner$2.evaluate(ParentRunner.java:222)
	at org.junit.runners.ParentRunner.run(ParentRunner.java:300)
	at org.eclipse.jdt.internal.junit4.runner.JUnit4TestReference.run(JUnit4TestReference.java:50)
	at org.eclipse.jdt.internal.junit.runner.TestExecution.run(TestExecution.java:38)
	at org.eclipse.jdt.internal.junit.runner.RemoteTestRunner.runTests(RemoteTestRunner.java:459)
	at org.eclipse.jdt.internal.junit.runner.RemoteTestRunner.runTests(RemoteTestRunner.java:675)
	at org.eclipse.jdt.internal.junit.runner.RemoteTestRunner.run(RemoteTestRunner.java:382)
	at org.eclipse.jdt.internal.junit.runner.RemoteTestRunner.main(RemoteTestRunner.java:192)
2015-09-17 16:47:51,324  INFO [main] - jpmorgan.simpleStock.service.SimpleStockServiceImpl.calculateGBCEAllShareIndex 202 - Calculate GBCE All index
2015-09-17 16:48:01,635  INFO [main] - jpmorgan.simpleStock.service.SimpleStockServiceImpl.calculateGBCEAllShareIndex 202 - Calculate GBCE All index
2015-09-17 16:49:19,524  INFO [main] - jpmorgan.simpleStock.service.SimpleStockServiceImpl.calculateGBCEAllShareIndex 202 - Calculate GBCE All index
2015-09-17 16:49:25,975  INFO [main] - jpmorgan.simpleStock.service.SimpleStockServiceImpl.calculateGBCEAllShareIndex 202 - Calculate GBCE All index
2015-09-17 16:50:05,248  INFO [main] - jpmorgan.simpleStock.service.SimpleStockServiceImpl.calculateGBCEAllShareIndex 202 - Calculate GBCE All index
2015-09-17 16:51:33,664  INFO [main] - jpmorgan.simpleStock.service.SimpleStockServiceImpl.calculateGBCEAllShareIndex 202 - Calculate GBCE All index
2015-09-17 16:51:43,381  INFO [main] - jpmorgan.simpleStock.service.SimpleStockServiceImpl.calculateGBCEAllShareIndex 202 - Calculate GBCE All index
2015-09-17 16:52:01,593  INFO [main] - jpmorgan.simpleStock.service.SimpleStockServiceImpl.calculateGBCEAllShareIndex 202 - Calculate GBCE All index
2015-09-17 16:52:26,571  INFO [main] - jpmorgan.simpleStock.service.SimpleStockServiceImpl.calculateGBCEAllShareIndex 202 - Calculate GBCE All index
2015-09-17 16:53:21,025  INFO [main] - jpmorgan.simpleStock.service.SimpleStockServiceImpl.calculateVolumeWeightedStockPrice 142 - Calculate the Volume Weight stock price
2015-09-17 17:19:55,645  INFO [main] - jpmorgan.simpleStock.service.SimpleStockServiceImpl.recordTrade 100 - Recode of a new trade
2015-09-17 17:19:55,646  INFO [main] - jpmorgan.simpleStock.service.SimpleStockServiceImpl.calculateDividendYield 35 - Calculate the dividend yield
2015-09-17 17:19:55,646  INFO [main] - jpmorgan.simpleStock.service.SimpleStockServiceImpl.calculateDividendYield 35 - Calculate the dividend yield
2015-09-17 17:19:55,646  INFO [main] - jpmorgan.simpleStock.service.SimpleStockServiceImpl.calculateDividendYield 35 - Calculate the dividend yield
2015-09-17 17:19:55,646  INFO [main] - jpmorgan.simpleStock.service.SimpleStockServiceImpl.calculateDividendYield 35 - Calculate the dividend yield
2015-09-17 17:19:55,646  INFO [main] - jpmorgan.simpleStock.service.SimpleStockServiceImpl.calculateDividendYield 35 - Calculate the dividend yield
2015-09-17 17:19:55,647  INFO [main] - jpmorgan.simpleStock.service.SimpleStockServiceImpl.calculatePERation 58 - Calculate the P/E Ration
2015-09-17 17:19:55,647 ERROR [main] - jpmorgan.simpleStock.model.Stock.getPeRatio 191 - The last dividend should be greater than 0
2015-09-17 17:19:55,647 ERROR [main] - jpmorgan.simpleStock.service.SimpleStockServiceImpl.calculatePERation 73 - An error occured calculing the PE Ratio for : TEA
2015-09-17 17:19:55,661  INFO [main] - jpmorgan.simpleStock.service.SimpleStockServiceImpl.calculatePERation 58 - Calculate the P/E Ration
2015-09-17 17:19:55,661  INFO [main] - jpmorgan.simpleStock.service.SimpleStockServiceImpl.calculatePERation 58 - Calculate the P/E Ration
2015-09-17 17:19:55,662  INFO [main] - jpmorgan.simpleStock.service.SimpleStockServiceImpl.calculatePERation 58 - Calculate the P/E Ration
2015-09-17 17:19:55,662  INFO [main] - jpmorgan.simpleStock.service.SimpleStockServiceImpl.calculatePERation 58 - Calculate the P/E Ration
2015-09-17 17:19:55,662  INFO [main] - jpmorgan.simpleStock.service.SimpleStockServiceImpl.calculateGBCEAllShareIndex 160 - Calculate GBCE All index
2015-09-17 17:20:39,405  INFO [main] - jpmorgan.simpleStock.service.SimpleStockServiceImpl.recordTrade 100 - Recode of a new trade
2015-09-17 17:20:39,410  INFO [main] - jpmorgan.simpleStock.service.SimpleStockServiceImpl.calculateDividendYield 35 - Calculate the dividend yield
2015-09-17 17:20:39,410  INFO [main] - jpmorgan.simpleStock.service.SimpleStockServiceImpl.calculateDividendYield 35 - Calculate the dividend yield
2015-09-17 17:20:39,410  INFO [main] - jpmorgan.simpleStock.service.SimpleStockServiceImpl.calculateDividendYield 35 - Calculate the dividend yield
2015-09-17 17:20:39,411  INFO [main] - jpmorgan.simpleStock.service.SimpleStockServiceImpl.calculateDividendYield 35 - Calculate the dividend yield
2015-09-17 17:20:39,411  INFO [main] - jpmorgan.simpleStock.service.SimpleStockServiceImpl.calculateDividendYield 35 - Calculate the dividend yield
2015-09-17 17:20:39,411  INFO [main] - jpmorgan.simpleStock.service.SimpleStockServiceImpl.calculatePERation 58 - Calculate the P/E Ration
2015-09-17 17:20:39,411 ERROR [main] - jpmorgan.simpleStock.model.Stock.getPeRatio 191 - The last dividend should be greater than 0
2015-09-17 17:20:39,411 ERROR [main] - jpmorgan.simpleStock.service.SimpleStockServiceImpl.calculatePERation 73 - An error occured calculing the PE Ratio for : TEA
2015-09-17 17:20:39,413  INFO [main] - jpmorgan.simpleStock.service.SimpleStockServiceImpl.calculatePERation 58 - Calculate the P/E Ration
2015-09-17 17:20:39,413  INFO [main] - jpmorgan.simpleStock.service.SimpleStockServiceImpl.calculatePERation 58 - Calculate the P/E Ration
2015-09-17 17:20:39,413  INFO [main] - jpmorgan.simpleStock.service.SimpleStockServiceImpl.calculatePERation 58 - Calculate the P/E Ration
2015-09-17 17:20:39,413  INFO [main] - jpmorgan.simpleStock.service.SimpleStockServiceImpl.calculatePERation 58 - Calculate the P/E Ration
2015-09-17 17:20:39,414  INFO [main] - jpmorgan.simpleStock.service.SimpleStockServiceImpl.calculateGBCEAllShareIndex 160 - Calculate GBCE All index
2015-09-17 17:20:45,374  INFO [main] - jpmorgan.simpleStock.service.SimpleStockServiceImpl.calculateVolumeWeightedStockPrice 142 - Calculate the Volume Weight stock price
2015-09-17 17:21:15,632 ERROR [main] - jpmorgan.simpleStock.service.SimpleStockServiceImpl.calculateStockPriceByWindow 130 - the Total quantity of share is null
2015-09-17 17:21:15,642 ERROR [main] - jpmorgan.simpleStock.service.SimpleStockServiceImpl.calculateVolumeWeightedStockPrice 150 - Error : Volume Weight stock price calculation 
java.lang.ArithmeticException
	at jpmorgan.simpleStock.service.SimpleStockServiceImpl.calculateStockPriceByWindow(SimpleStockServiceImpl.java:131)
	at jpmorgan.simpleStock.service.SimpleStockServiceImpl.calculateVolumeWeightedStockPrice(SimpleStockServiceImpl.java:148)
	at jpmorgan.simpleStock.simpleStockServiceTest.calculateVolumeWeightedStockPrice(simpleStockServiceTest.java:109)
	at sun.reflect.NativeMethodAccessorImpl.invoke0(Native Method)
	at sun.reflect.NativeMethodAccessorImpl.invoke(Unknown Source)
	at sun.reflect.DelegatingMethodAccessorImpl.invoke(Unknown Source)
	at java.lang.reflect.Method.invoke(Unknown Source)
	at org.junit.runners.model.FrameworkMethod$1.runReflectiveCall(FrameworkMethod.java:45)
	at org.junit.internal.runners.model.ReflectiveCallable.run(ReflectiveCallable.java:15)
	at org.junit.runners.model.FrameworkMethod.invokeExplosively(FrameworkMethod.java:42)
	at org.junit.internal.runners.statements.InvokeMethod.evaluate(InvokeMethod.java:20)
	at org.junit.internal.runners.statements.RunBefores.evaluate(RunBefores.java:28)
	at org.junit.runners.ParentRunner.runLeaf(ParentRunner.java:263)
	at org.junit.runners.BlockJUnit4ClassRunner.runChild(BlockJUnit4ClassRunner.java:68)
	at org.junit.runners.BlockJUnit4ClassRunner.runChild(BlockJUnit4ClassRunner.java:47)
	at org.junit.runners.ParentRunner$3.run(ParentRunner.java:231)
	at org.junit.runners.ParentRunner$1.schedule(ParentRunner.java:60)
	at org.junit.runners.ParentRunner.runChildren(ParentRunner.java:229)
	at org.junit.runners.ParentRunner.access$000(ParentRunner.java:50)
	at org.junit.runners.ParentRunner$2.evaluate(ParentRunner.java:222)
	at org.junit.runners.ParentRunner.run(ParentRunner.java:300)
	at org.eclipse.jdt.internal.junit4.runner.JUnit4TestReference.run(JUnit4TestReference.java:50)
	at org.eclipse.jdt.internal.junit.runner.TestExecution.run(TestExecution.java:38)
	at org.eclipse.jdt.internal.junit.runner.RemoteTestRunner.runTests(RemoteTestRunner.java:459)
	at org.eclipse.jdt.internal.junit.runner.RemoteTestRunner.runTests(RemoteTestRunner.java:675)
	at org.eclipse.jdt.internal.junit.runner.RemoteTestRunner.run(RemoteTestRunner.java:382)
	at org.eclipse.jdt.internal.junit.runner.RemoteTestRunner.main(RemoteTestRunner.java:192)
2015-09-17 17:21:23,385  INFO [main] - jpmorgan.simpleStock.service.SimpleStockServiceImpl.calculateVolumeWeightedStockPrice 142 - Calculate the Volume Weight stock price
2015-09-17 17:27:25,352 ERROR [main] - jpmorgan.simpleStock.service.SimpleStockServiceImpl.calculateStockPriceByWindow 130 - the Total quantity of share is null
2015-09-17 17:27:25,356 ERROR [main] - jpmorgan.simpleStock.service.SimpleStockServiceImpl.calculateVolumeWeightedStockPrice 150 - Error : Volume Weight stock price calculation 
java.lang.ArithmeticException
	at jpmorgan.simpleStock.service.SimpleStockServiceImpl.calculateStockPriceByWindow(SimpleStockServiceImpl.java:131)
	at jpmorgan.simpleStock.service.SimpleStockServiceImpl.calculateVolumeWeightedStockPrice(SimpleStockServiceImpl.java:148)
	at jpmorgan.simpleStock.simpleStockServiceTest.calculateVolumeWeightedStockPrice(simpleStockServiceTest.java:109)
	at sun.reflect.NativeMethodAccessorImpl.invoke0(Native Method)
	at sun.reflect.NativeMethodAccessorImpl.invoke(Unknown Source)
	at sun.reflect.DelegatingMethodAccessorImpl.invoke(Unknown Source)
	at java.lang.reflect.Method.invoke(Unknown Source)
	at org.junit.runners.model.FrameworkMethod$1.runReflectiveCall(FrameworkMethod.java:45)
	at org.junit.internal.runners.model.ReflectiveCallable.run(ReflectiveCallable.java:15)
	at org.junit.runners.model.FrameworkMethod.invokeExplosively(FrameworkMethod.java:42)
	at org.junit.internal.runners.statements.InvokeMethod.evaluate(InvokeMethod.java:20)
	at org.junit.internal.runners.statements.RunBefores.evaluate(RunBefores.java:28)
	at org.junit.runners.ParentRunner.runLeaf(ParentRunner.java:263)
	at org.junit.runners.BlockJUnit4ClassRunner.runChild(BlockJUnit4ClassRunner.java:68)
	at org.junit.runners.BlockJUnit4ClassRunner.runChild(BlockJUnit4ClassRunner.java:47)
	at org.junit.runners.ParentRunner$3.run(ParentRunner.java:231)
	at org.junit.runners.ParentRunner$1.schedule(ParentRunner.java:60)
	at org.junit.runners.ParentRunner.runChildren(ParentRunner.java:229)
	at org.junit.runners.ParentRunner.access$000(ParentRunner.java:50)
	at org.junit.runners.ParentRunner$2.evaluate(ParentRunner.java:222)
	at org.junit.runners.ParentRunner.run(ParentRunner.java:300)
	at org.eclipse.jdt.internal.junit4.runner.JUnit4TestReference.run(JUnit4TestReference.java:50)
	at org.eclipse.jdt.internal.junit.runner.TestExecution.run(TestExecution.java:38)
	at org.eclipse.jdt.internal.junit.runner.RemoteTestRunner.runTests(RemoteTestRunner.java:459)
	at org.eclipse.jdt.internal.junit.runner.RemoteTestRunner.runTests(RemoteTestRunner.java:675)
	at org.eclipse.jdt.internal.junit.runner.RemoteTestRunner.run(RemoteTestRunner.java:382)
	at org.eclipse.jdt.internal.junit.runner.RemoteTestRunner.main(RemoteTestRunner.java:192)
2015-09-17 17:27:40,394  INFO [main] - jpmorgan.simpleStock.service.SimpleStockServiceImpl.recordTrade 100 - Recode of a new trade
2015-09-17 17:27:40,399  INFO [main] - jpmorgan.simpleStock.service.SimpleStockServiceImpl.calculateDividendYield 35 - Calculate the dividend yield
2015-09-17 17:27:40,399  INFO [main] - jpmorgan.simpleStock.service.SimpleStockServiceImpl.calculateDividendYield 35 - Calculate the dividend yield
2015-09-17 17:27:40,399  INFO [main] - jpmorgan.simpleStock.service.SimpleStockServiceImpl.calculateDividendYield 35 - Calculate the dividend yield
2015-09-17 17:27:40,399  INFO [main] - jpmorgan.simpleStock.service.SimpleStockServiceImpl.calculateDividendYield 35 - Calculate the dividend yield
2015-09-17 17:27:40,399  INFO [main] - jpmorgan.simpleStock.service.SimpleStockServiceImpl.calculateDividendYield 35 - Calculate the dividend yield
2015-09-17 17:27:40,400  INFO [main] - jpmorgan.simpleStock.service.SimpleStockServiceImpl.calculatePERation 58 - Calculate the P/E Ration
2015-09-17 17:27:40,400 ERROR [main] - jpmorgan.simpleStock.model.Stock.getPeRatio 191 - The last dividend should be greater than 0
2015-09-17 17:27:40,400 ERROR [main] - jpmorgan.simpleStock.service.SimpleStockServiceImpl.calculatePERation 73 - An error occured calculing the PE Ratio for : TEA
2015-09-17 17:27:40,402  INFO [main] - jpmorgan.simpleStock.service.SimpleStockServiceImpl.calculatePERation 58 - Calculate the P/E Ration
2015-09-17 17:27:40,402  INFO [main] - jpmorgan.simpleStock.service.SimpleStockServiceImpl.calculatePERation 58 - Calculate the P/E Ration
2015-09-17 17:27:40,402  INFO [main] - jpmorgan.simpleStock.service.SimpleStockServiceImpl.calculatePERation 58 - Calculate the P/E Ration
2015-09-17 17:27:40,402  INFO [main] - jpmorgan.simpleStock.service.SimpleStockServiceImpl.calculatePERation 58 - Calculate the P/E Ration
2015-09-17 17:27:40,402  INFO [main] - jpmorgan.simpleStock.service.SimpleStockServiceImpl.calculateGBCEAllShareIndex 160 - Calculate GBCE All index
2015-09-17 17:27:45,322  INFO [main] - jpmorgan.simpleStock.service.SimpleStockServiceImpl.calculateVolumeWeightedStockPrice 142 - Calculate the Volume Weight stock price
2015-09-17 17:27:50,457 ERROR [main] - jpmorgan.simpleStock.service.SimpleStockServiceImpl.calculateStockPriceByWindow 130 - the Total quantity of share is null
2015-09-17 17:27:50,463 ERROR [main] - jpmorgan.simpleStock.service.SimpleStockServiceImpl.calculateVolumeWeightedStockPrice 150 - Error : Volume Weight stock price calculation 
java.lang.ArithmeticException
	at jpmorgan.simpleStock.service.SimpleStockServiceImpl.calculateStockPriceByWindow(SimpleStockServiceImpl.java:131)
	at jpmorgan.simpleStock.service.SimpleStockServiceImpl.calculateVolumeWeightedStockPrice(SimpleStockServiceImpl.java:148)
	at jpmorgan.simpleStock.simpleStockServiceTest.calculateVolumeWeightedStockPrice(simpleStockServiceTest.java:109)
	at sun.reflect.NativeMethodAccessorImpl.invoke0(Native Method)
	at sun.reflect.NativeMethodAccessorImpl.invoke(Unknown Source)
	at sun.reflect.DelegatingMethodAccessorImpl.invoke(Unknown Source)
	at java.lang.reflect.Method.invoke(Unknown Source)
	at org.junit.runners.model.FrameworkMethod$1.runReflectiveCall(FrameworkMethod.java:45)
	at org.junit.internal.runners.model.ReflectiveCallable.run(ReflectiveCallable.java:15)
	at org.junit.runners.model.FrameworkMethod.invokeExplosively(FrameworkMethod.java:42)
	at org.junit.internal.runners.statements.InvokeMethod.evaluate(InvokeMethod.java:20)
	at org.junit.internal.runners.statements.RunBefores.evaluate(RunBefores.java:28)
	at org.junit.runners.ParentRunner.runLeaf(ParentRunner.java:263)
	at org.junit.runners.BlockJUnit4ClassRunner.runChild(BlockJUnit4ClassRunner.java:68)
	at org.junit.runners.BlockJUnit4ClassRunner.runChild(BlockJUnit4ClassRunner.java:47)
	at org.junit.runners.ParentRunner$3.run(ParentRunner.java:231)
	at org.junit.runners.ParentRunner$1.schedule(ParentRunner.java:60)
	at org.junit.runners.ParentRunner.runChildren(ParentRunner.java:229)
	at org.junit.runners.ParentRunner.access$000(ParentRunner.java:50)
	at org.junit.runners.ParentRunner$2.evaluate(ParentRunner.java:222)
	at org.junit.runners.ParentRunner.run(ParentRunner.java:300)
	at org.eclipse.jdt.internal.junit4.runner.JUnit4TestReference.run(JUnit4TestReference.java:50)
	at org.eclipse.jdt.internal.junit.runner.TestExecution.run(TestExecution.java:38)
	at org.eclipse.jdt.internal.junit.runner.RemoteTestRunner.runTests(RemoteTestRunner.java:459)
	at org.eclipse.jdt.internal.junit.runner.RemoteTestRunner.runTests(RemoteTestRunner.java:675)
	at org.eclipse.jdt.internal.junit.runner.RemoteTestRunner.run(RemoteTestRunner.java:382)
	at org.eclipse.jdt.internal.junit.runner.RemoteTestRunner.main(RemoteTestRunner.java:192)
2015-09-17 17:28:00,489  INFO [main] - jpmorgan.simpleStock.service.SimpleStockServiceImpl.recordTrade 100 - Recode of a new trade
2015-09-17 17:28:00,494  INFO [main] - jpmorgan.simpleStock.service.SimpleStockServiceImpl.calculateDividendYield 35 - Calculate the dividend yield
2015-09-17 17:28:00,495  INFO [main] - jpmorgan.simpleStock.service.SimpleStockServiceImpl.calculateDividendYield 35 - Calculate the dividend yield
2015-09-17 17:28:00,495  INFO [main] - jpmorgan.simpleStock.service.SimpleStockServiceImpl.calculateDividendYield 35 - Calculate the dividend yield
2015-09-17 17:28:00,495  INFO [main] - jpmorgan.simpleStock.service.SimpleStockServiceImpl.calculateDividendYield 35 - Calculate the dividend yield
2015-09-17 17:28:00,495  INFO [main] - jpmorgan.simpleStock.service.SimpleStockServiceImpl.calculateDividendYield 35 - Calculate the dividend yield
2015-09-17 17:28:00,496  INFO [main] - jpmorgan.simpleStock.service.SimpleStockServiceImpl.calculatePERation 58 - Calculate the P/E Ration
2015-09-17 17:28:00,496 ERROR [main] - jpmorgan.simpleStock.model.Stock.getPeRatio 191 - The last dividend should be greater than 0
2015-09-17 17:28:00,496 ERROR [main] - jpmorgan.simpleStock.service.SimpleStockServiceImpl.calculatePERation 73 - An error occured calculing the PE Ratio for : TEA
2015-09-17 17:28:00,498  INFO [main] - jpmorgan.simpleStock.service.SimpleStockServiceImpl.calculatePERation 58 - Calculate the P/E Ration
2015-09-17 17:28:00,498  INFO [main] - jpmorgan.simpleStock.service.SimpleStockServiceImpl.calculatePERation 58 - Calculate the P/E Ration
2015-09-17 17:28:00,498  INFO [main] - jpmorgan.simpleStock.service.SimpleStockServiceImpl.calculatePERation 58 - Calculate the P/E Ration
2015-09-17 17:28:00,498  INFO [main] - jpmorgan.simpleStock.service.SimpleStockServiceImpl.calculatePERation 58 - Calculate the P/E Ration
2015-09-17 17:28:00,499  INFO [main] - jpmorgan.simpleStock.service.SimpleStockServiceImpl.calculateGBCEAllShareIndex 160 - Calculate GBCE All index
2015-09-17 17:28:02,369  INFO [main] - jpmorgan.simpleStock.service.SimpleStockServiceImpl.calculateVolumeWeightedStockPrice 142 - Calculate the Volume Weight stock price
2015-09-17 17:30:11,727  INFO [main] - jpmorgan.simpleStock.service.SimpleStockServiceImpl.calculateVolumeWeightedStockPrice 142 - Calculate the Volume Weight stock price
2015-09-17 17:31:10,205  INFO [main] - jpmorgan.simpleStock.service.SimpleStockServiceImpl.recordTrade 100 - Recode of a new trade
2015-09-17 17:31:10,207  INFO [main] - jpmorgan.simpleStock.service.SimpleStockServiceImpl.calculateDividendYield 35 - Calculate the dividend yield
2015-09-17 17:31:10,208  INFO [main] - jpmorgan.simpleStock.service.SimpleStockServiceImpl.calculateDividendYield 35 - Calculate the dividend yield
2015-09-17 17:31:10,208  INFO [main] - jpmorgan.simpleStock.service.SimpleStockServiceImpl.calculateDividendYield 35 - Calculate the dividend yield
2015-09-17 17:31:10,209  INFO [main] - jpmorgan.simpleStock.service.SimpleStockServiceImpl.calculateDividendYield 35 - Calculate the dividend yield
2015-09-17 17:31:10,210  INFO [main] - jpmorgan.simpleStock.service.SimpleStockServiceImpl.calculateDividendYield 35 - Calculate the dividend yield
2015-09-17 17:31:10,211  INFO [main] - jpmorgan.simpleStock.service.SimpleStockServiceImpl.calculatePERation 58 - Calculate the P/E Ration
2015-09-17 17:31:10,212 ERROR [main] - jpmorgan.simpleStock.model.Stock.getPeRatio 191 - The last dividend should be greater than 0
2015-09-17 17:31:10,212 ERROR [main] - jpmorgan.simpleStock.service.SimpleStockServiceImpl.calculatePERation 73 - An error occured calculing the PE Ratio for : TEA
2015-09-17 17:31:10,215  INFO [main] - jpmorgan.simpleStock.service.SimpleStockServiceImpl.calculatePERation 58 - Calculate the P/E Ration
2015-09-17 17:31:10,215  INFO [main] - jpmorgan.simpleStock.service.SimpleStockServiceImpl.calculatePERation 58 - Calculate the P/E Ration
2015-09-17 17:31:10,216  INFO [main] - jpmorgan.simpleStock.service.SimpleStockServiceImpl.calculatePERation 58 - Calculate the P/E Ration
2015-09-17 17:31:10,216  INFO [main] - jpmorgan.simpleStock.service.SimpleStockServiceImpl.calculatePERation 58 - Calculate the P/E Ration
2015-09-17 17:31:10,217  INFO [main] - jpmorgan.simpleStock.service.SimpleStockServiceImpl.calculateGBCEAllShareIndex 160 - Calculate GBCE All index
2015-09-17 17:31:13,824  INFO [main] - jpmorgan.simpleStock.service.SimpleStockServiceImpl.calculateVolumeWeightedStockPrice 163 - Calculate the Volume Weight stock price
